This is pdfTeX, Version 3.14159265-2.6-1.40.16 (TeX Live 2015) (preloaded format=pdflatex 2016.5.19)  5 APR 2017 17:35
entering extended mode
 restricted \write18 enabled.
 file:line:error style messages enabled.
 %&-line parsing enabled.
**emnlp2017.tex
(./emnlp2017.tex
LaTeX2e <2015/01/01>
Babel <3.9l> and hyphenation patterns for 79 languages loaded.
(/usr/local/texlive/2015/texmf-dist/tex/latex/base/article.cls
Document Class: article 2014/09/29 v1.4h Standard LaTeX document class
(/usr/local/texlive/2015/texmf-dist/tex/latex/base/size11.clo
File: size11.clo 2014/09/29 v1.4h Standard LaTeX file (size option)
)
\c@part=\count79
\c@section=\count80
\c@subsection=\count81
\c@subsubsection=\count82
\c@paragraph=\count83
\c@subparagraph=\count84
\c@figure=\count85
\c@table=\count86
\abovecaptionskip=\skip41
\belowcaptionskip=\skip42
\bibindent=\dimen102
) (./emnlp2017.sty (/usr/local/texlive/2015/texmf-dist/tex/latex/hyperref/hyperref.sty
Package: hyperref 2012/11/06 v6.83m Hypertext links for LaTeX
 (/usr/local/texlive/2015/texmf-dist/tex/generic/oberdiek/hobsub-hyperref.sty
Package: hobsub-hyperref 2012/05/28 v1.13 Bundle oberdiek, subset hyperref (HO)
 (/usr/local/texlive/2015/texmf-dist/tex/generic/oberdiek/hobsub-generic.sty
Package: hobsub-generic 2012/05/28 v1.13 Bundle oberdiek, subset generic (HO)
Package: hobsub 2012/05/28 v1.13 Construct package bundles (HO)
Package: infwarerr 2010/04/08 v1.3 Providing info/warning/error messages (HO)
Package: ltxcmds 2011/11/09 v1.22 LaTeX kernel commands for general use (HO)
Package: ifluatex 2010/03/01 v1.3 Provides the ifluatex switch (HO)
Package ifluatex Info: LuaTeX not detected.
Package: ifvtex 2010/03/01 v1.5 Detect VTeX and its facilities (HO)
Package ifvtex Info: VTeX not detected.
Package: intcalc 2007/09/27 v1.1 Expandable calculations with integers (HO)
Package: ifpdf 2011/01/30 v2.3 Provides the ifpdf switch (HO)
Package ifpdf Info: pdfTeX in PDF mode is detected.
Package: etexcmds 2011/02/16 v1.5 Avoid name clashes with e-TeX commands (HO)
Package etexcmds Info: Could not find \expanded.
(etexcmds)             That can mean that you are not using pdfTeX 1.50 or
(etexcmds)             that some package has redefined \expanded.
(etexcmds)             In the latter case, load this package earlier.
Package: kvsetkeys 2012/04/25 v1.16 Key value parser (HO)
Package: kvdefinekeys 2011/04/07 v1.3 Define keys (HO)
Package: pdftexcmds 2011/11/29 v0.20 Utility functions of pdfTeX for LuaTeX (HO)
Package pdftexcmds Info: LuaTeX not detected.
Package pdftexcmds Info: \pdf@primitive is available.
Package pdftexcmds Info: \pdf@ifprimitive is available.
Package pdftexcmds Info: \pdfdraftmode found.
Package: pdfescape 2011/11/25 v1.13 Implements pdfTeX's escape features (HO)
Package: bigintcalc 2012/04/08 v1.3 Expandable calculations on big integers (HO)
Package: bitset 2011/01/30 v1.1 Handle bit-vector datatype (HO)
Package: uniquecounter 2011/01/30 v1.2 Provide unlimited unique counter (HO)
)
Package hobsub Info: Skipping package `hobsub' (already loaded).
Package: letltxmacro 2010/09/02 v1.4 Let assignment for LaTeX macros (HO)
Package: hopatch 2012/05/28 v1.2 Wrapper for package hooks (HO)
Package: xcolor-patch 2011/01/30 xcolor patch
Package: atveryend 2011/06/30 v1.8 Hooks at the very end of document (HO)
Package atveryend Info: \enddocument detected (standard20110627).
Package: atbegshi 2011/10/05 v1.16 At begin shipout hook (HO)
Package: refcount 2011/10/16 v3.4 Data extraction from label references (HO)
Package: hycolor 2011/01/30 v1.7 Color options for hyperref/bookmark (HO)
) (/usr/local/texlive/2015/texmf-dist/tex/latex/graphics/keyval.sty
Package: keyval 2014/10/28 v1.15 key=value parser (DPC)
\KV@toks@=\toks14
) (/usr/local/texlive/2015/texmf-dist/tex/generic/ifxetex/ifxetex.sty
Package: ifxetex 2010/09/12 v0.6 Provides ifxetex conditional
) (/usr/local/texlive/2015/texmf-dist/tex/latex/oberdiek/auxhook.sty
Package: auxhook 2011/03/04 v1.3 Hooks for auxiliary files (HO)
) (/usr/local/texlive/2015/texmf-dist/tex/latex/oberdiek/kvoptions.sty
Package: kvoptions 2011/06/30 v3.11 Key value format for package options (HO)
)
\@linkdim=\dimen103
\Hy@linkcounter=\count87
\Hy@pagecounter=\count88
 (/usr/local/texlive/2015/texmf-dist/tex/latex/hyperref/pd1enc.def
File: pd1enc.def 2012/11/06 v6.83m Hyperref: PDFDocEncoding definition (HO)
)
\Hy@SavedSpaceFactor=\count89
 (/usr/local/texlive/2015/texmf-dist/tex/latex/latexconfig/hyperref.cfg
File: hyperref.cfg 2002/06/06 v1.2 hyperref configuration of TeXLive
)
Package hyperref Info: Hyper figures OFF on input line 4443.
Package hyperref Info: Link nesting OFF on input line 4448.
Package hyperref Info: Hyper index ON on input line 4451.
Package hyperref Info: Plain pages OFF on input line 4458.
Package hyperref Info: Backreferencing OFF on input line 4463.
Package hyperref Info: Implicit mode ON; LaTeX internals redefined.
Package hyperref Info: Bookmarks ON on input line 4688.
\c@Hy@tempcnt=\count90
 (/usr/local/texlive/2015/texmf-dist/tex/latex/url/url.sty
\Urlmuskip=\muskip10
Package: url 2013/09/16  ver 3.4  Verb mode for urls, etc.
)
LaTeX Info: Redefining \url on input line 5041.
\XeTeXLinkMargin=\dimen104
\Fld@menulength=\count91
\Field@Width=\dimen105
\Fld@charsize=\dimen106
Package hyperref Info: Hyper figures OFF on input line 6295.
Package hyperref Info: Link nesting OFF on input line 6300.
Package hyperref Info: Hyper index ON on input line 6303.
Package hyperref Info: backreferencing OFF on input line 6310.
Package hyperref Info: Link coloring OFF on input line 6315.
Package hyperref Info: Link coloring with OCG OFF on input line 6320.
Package hyperref Info: PDF/A mode OFF on input line 6325.
LaTeX Info: Redefining \ref on input line 6365.
LaTeX Info: Redefining \pageref on input line 6369.
\Hy@abspage=\count92
\c@Item=\count93
\c@Hfootnote=\count94
)

Package hyperref Message: Driver (autodetected): hpdftex.

(/usr/local/texlive/2015/texmf-dist/tex/latex/hyperref/hpdftex.def
File: hpdftex.def 2012/11/06 v6.83m Hyperref driver for pdfTeX
\Fld@listcount=\count95
\c@bookmark@seq@number=\count96
 (/usr/local/texlive/2015/texmf-dist/tex/latex/oberdiek/rerunfilecheck.sty
Package: rerunfilecheck 2011/04/15 v1.7 Rerun checks for auxiliary files (HO)
Package uniquecounter Info: New unique counter `rerunfilecheck' on input line 282.
)
\Hy@SectionHShift=\skip43
) (/usr/local/texlive/2015/texmf-dist/tex/latex/xcolor/xcolor.sty
Package: xcolor 2007/01/21 v2.11 LaTeX color extensions (UK)
 (/usr/local/texlive/2015/texmf-dist/tex/latex/latexconfig/color.cfg
File: color.cfg 2007/01/18 v1.5 color configuration of teTeX/TeXLive
)
Package xcolor Info: Driver file: pdftex.def on input line 225.
 (/usr/local/texlive/2015/texmf-dist/tex/latex/pdftex-def/pdftex.def
File: pdftex.def 2011/05/27 v0.06d Graphics/color for pdfTeX
\Gread@gobject=\count97
)
Package xcolor Info: Model `cmy' substituted by `cmy0' on input line 1337.
Package xcolor Info: Model `hsb' substituted by `rgb' on input line 1341.
Package xcolor Info: Model `RGB' extended on input line 1353.
Package xcolor Info: Model `HTML' substituted by `rgb' on input line 1355.
Package xcolor Info: Model `Hsb' substituted by `hsb' on input line 1356.
Package xcolor Info: Model `tHsb' substituted by `hsb' on input line 1357.
Package xcolor Info: Model `HSB' substituted by `hsb' on input line 1358.
Package xcolor Info: Model `Gray' substituted by `gray' on input line 1359.
Package xcolor Info: Model `wave' substituted by `hsb' on input line 1360.
)
Package hyperref Info: Option `colorlinks' set `true' on input line 99.

Conference Style for EMNLP 2017
\titlebox=\skip44
\emnlprulerbox=\box26
\emnlprulercount=\count98
\emnlpruleroffset=\dimen107
\cv@lineheight=\dimen108
\cv@boxheight=\dimen109
\cv@tmpbox=\box27
\cv@refno=\count99
\cv@tot=\count100
\cv@tmpc@=\count101
\cv@tmpc=\count102
(/usr/local/texlive/2015/texmf-dist/tex/latex/natbib/natbib.sty
Package: natbib 2010/09/13 8.31b (PWD, AO)
\bibhang=\skip45
\bibsep=\skip46
LaTeX Info: Redefining \cite on input line 694.
\c@NAT@ctr=\count103
)) (/usr/local/texlive/2015/texmf-dist/tex/latex/psnfss/times.sty
Package: times 2005/04/12 PSNFSS-v9.2a (SPQR) 
) (/usr/local/texlive/2015/texmf-dist/tex/latex/base/latexsym.sty
Package: latexsym 1998/08/17 v2.2e Standard LaTeX package (lasy symbols)
\symlasy=\mathgroup4
LaTeX Font Info:    Overwriting symbol font `lasy' in version `bold'
(Font)                  U/lasy/m/n --> U/lasy/b/n on input line 52.
) (/usr/local/texlive/2015/texmf-dist/tex/latex/multirow/multirow.sty
\bigstrutjot=\dimen110
) (/usr/local/texlive/2015/texmf-dist/tex/latex/tools/multicol.sty
Package: multicol 2015/03/31 v1.8m multicolumn formatting (FMi)
\c@tracingmulticols=\count104
\mult@box=\box28
\multicol@leftmargin=\dimen111
\c@unbalance=\count105
\c@collectmore=\count106
\doublecol@number=\count107
\multicoltolerance=\count108
\multicolpretolerance=\count109
\full@width=\dimen112
\page@free=\dimen113
\premulticols=\dimen114
\postmulticols=\dimen115
\multicolsep=\skip47
\multicolbaselineskip=\skip48
\partial@page=\box29
\last@line=\box30
\maxbalancingoverflow=\dimen116
\mult@rightbox=\box31
\mult@grightbox=\box32
\mult@gfirstbox=\box33
\mult@firstbox=\box34
\@tempa=\box35
\@tempa=\box36
\@tempa=\box37
\@tempa=\box38
\@tempa=\box39
\@tempa=\box40
\@tempa=\box41
\@tempa=\box42
\@tempa=\box43
\@tempa=\box44
\@tempa=\box45
\@tempa=\box46
\@tempa=\box47
\@tempa=\box48
\@tempa=\box49
\@tempa=\box50
\@tempa=\box51
\c@columnbadness=\count110
\c@finalcolumnbadness=\count111
\last@try=\dimen117
\multicolovershoot=\dimen118
\multicolundershoot=\dimen119
\mult@nat@firstbox=\box52
\colbreak@box=\box53
\mc@col@check@num=\count112
) (/usr/local/texlive/2015/texmf-dist/tex/latex/tools/array.sty
Package: array 2014/10/28 v2.4c Tabular extension package (FMi)
\col@sep=\dimen120
\extrarowheight=\dimen121
\NC@list=\toks15
\extratabsurround=\skip49
\backup@length=\skip50
) (/usr/local/texlive/2015/texmf-dist/tex/latex/graphics/graphicx.sty
Package: graphicx 2014/10/28 v1.0g Enhanced LaTeX Graphics (DPC,SPQR)
 (/usr/local/texlive/2015/texmf-dist/tex/latex/graphics/graphics.sty
Package: graphics 2014/10/28 v1.0p Standard LaTeX Graphics (DPC,SPQR)
 (/usr/local/texlive/2015/texmf-dist/tex/latex/graphics/trig.sty
Package: trig 1999/03/16 v1.09 sin cos tan (DPC)
) (/usr/local/texlive/2015/texmf-dist/tex/latex/latexconfig/graphics.cfg
File: graphics.cfg 2010/04/23 v1.9 graphics configuration of TeX Live
)
Package graphics Info: Driver file: pdftex.def on input line 94.
)
\Gin@req@height=\dimen122
\Gin@req@width=\dimen123
) (/usr/local/texlive/2015/texmf-dist/tex/latex/mdwtools/footnote.sty
Package: footnote 1997/01/28 1.13 Save footnotes around boxes
\fn@notes=\box54
\fn@width=\dimen124
) (/usr/local/texlive/2015/texmf-dist/tex/latex/amsmath/amsmath.sty
Package: amsmath 2013/01/14 v2.14 AMS math features
\@mathmargin=\skip51

For additional information on amsmath, use the `?' option.
(/usr/local/texlive/2015/texmf-dist/tex/latex/amsmath/amstext.sty
Package: amstext 2000/06/29 v2.01
 (/usr/local/texlive/2015/texmf-dist/tex/latex/amsmath/amsgen.sty
File: amsgen.sty 1999/11/30 v2.0
\@emptytoks=\toks16
\ex@=\dimen125
)) (/usr/local/texlive/2015/texmf-dist/tex/latex/amsmath/amsbsy.sty
Package: amsbsy 1999/11/29 v1.2d
\pmbraise@=\dimen126
) (/usr/local/texlive/2015/texmf-dist/tex/latex/amsmath/amsopn.sty
Package: amsopn 1999/12/14 v2.01 operator names
)
\inf@bad=\count113
LaTeX Info: Redefining \frac on input line 210.
\uproot@=\count114
\leftroot@=\count115
LaTeX Info: Redefining \overline on input line 306.
\classnum@=\count116
\DOTSCASE@=\count117
LaTeX Info: Redefining \ldots on input line 378.
LaTeX Info: Redefining \dots on input line 381.
LaTeX Info: Redefining \cdots on input line 466.
\Mathstrutbox@=\box55
\strutbox@=\box56
\big@size=\dimen127
LaTeX Font Info:    Redeclaring font encoding OML on input line 566.
LaTeX Font Info:    Redeclaring font encoding OMS on input line 567.
\macc@depth=\count118
\c@MaxMatrixCols=\count119
\dotsspace@=\muskip11
\c@parentequation=\count120
\dspbrk@lvl=\count121
\tag@help=\toks17
\row@=\count122
\column@=\count123
\maxfields@=\count124
\andhelp@=\toks18
\eqnshift@=\dimen128
\alignsep@=\dimen129
\tagshift@=\dimen130
\tagwidth@=\dimen131
\totwidth@=\dimen132
\lineht@=\dimen133
\@envbody=\toks19
\multlinegap=\skip52
\multlinetaggap=\skip53
\mathdisplay@stack=\toks20
LaTeX Info: Redefining \[ on input line 2665.
LaTeX Info: Redefining \] on input line 2666.
) (/usr/local/texlive/2015/texmf-dist/tex/latex/tools/bm.sty
Package: bm 2014/10/28 v1.1c Bold Symbol Support (DPC/FMi)
\symboldoperators=\mathgroup5
\symboldletters=\mathgroup6
\symboldsymbols=\mathgroup7
\symboldlasy=\mathgroup8
LaTeX Font Info:    Redeclaring math alphabet \mathbf on input line 141.
LaTeX Info: Redefining \bm on input line 207.
) (/usr/local/texlive/2015/texmf-dist/tex/generic/babel/babel.sty
Package: babel 2014/09/25 3.9l The Babel package
 (/usr/local/texlive/2015/texmf-dist/tex/generic/babel-english/english.ldf
Language: english 2012/08/20 v3.3p English support from the babel system
 (/usr/local/texlive/2015/texmf-dist/tex/generic/babel/babel.def
File: babel.def 2014/09/25 3.9l Babel common definitions
\babel@savecnt=\count125
\U@D=\dimen134
)
\l@canadian = a dialect from \language\l@american 
\l@australian = a dialect from \language\l@british 
\l@newzealand = a dialect from \language\l@british 
) (/usr/local/texlive/2015/texmf-dist/tex/generic/babel-english/english.ldf
Language: english 2012/08/20 v3.3p English support from the babel system
))

Package Babel Warning: The package option `english' should not be used
(Babel)                with a more specific one (like `american') on input line 18.

(/Users/christina/Downloads/emnlp17-latex/.texpadtmp/emnlp2017.aux)
\openout1 = `emnlp2017.aux'.

LaTeX Font Info:    Checking defaults for OML/cmm/m/it on input line 38.
LaTeX Font Info:    ... okay on input line 38.
LaTeX Font Info:    Checking defaults for T1/cmr/m/n on input line 38.
LaTeX Font Info:    ... okay on input line 38.
LaTeX Font Info:    Checking defaults for OT1/cmr/m/n on input line 38.
LaTeX Font Info:    ... okay on input line 38.
LaTeX Font Info:    Checking defaults for OMS/cmsy/m/n on input line 38.
LaTeX Font Info:    ... okay on input line 38.
LaTeX Font Info:    Checking defaults for OMX/cmex/m/n on input line 38.
LaTeX Font Info:    ... okay on input line 38.
LaTeX Font Info:    Checking defaults for U/cmr/m/n on input line 38.
LaTeX Font Info:    ... okay on input line 38.
LaTeX Font Info:    Checking defaults for PD1/pdf/m/n on input line 38.
LaTeX Font Info:    ... okay on input line 38.
LaTeX Font Info:    Try loading font information for OT1+ptm on input line 38.
 (/usr/local/texlive/2015/texmf-dist/tex/latex/psnfss/ot1ptm.fd
File: ot1ptm.fd 2001/06/04 font definitions for OT1/ptm.
)
\AtBeginShipoutBox=\box57
Package hyperref Info: Link coloring ON on input line 38.
 (/usr/local/texlive/2015/texmf-dist/tex/latex/hyperref/nameref.sty
Package: nameref 2012/10/27 v2.43 Cross-referencing by name of section
 (/usr/local/texlive/2015/texmf-dist/tex/generic/oberdiek/gettitlestring.sty
Package: gettitlestring 2010/12/03 v1.4 Cleanup title references (HO)
)
\c@section@level=\count126
)
LaTeX Info: Redefining \ref on input line 38.
LaTeX Info: Redefining \pageref on input line 38.
LaTeX Info: Redefining \nameref on input line 38.
 (/Users/christina/Downloads/emnlp17-latex/.texpadtmp/emnlp2017.out) (/Users/christina/Downloads/emnlp17-latex/.texpadtmp/emnlp2017.out)
\@outlinefile=\write3
\openout3 = `emnlp2017.out'.

 (/usr/local/texlive/2015/texmf-dist/tex/context/base/supp-pdf.mkii
[Loading MPS to PDF converter (version 2006.09.02).]
\scratchcounter=\count127
\scratchdimen=\dimen135
\scratchbox=\box58
\nofMPsegments=\count128
\nofMParguments=\count129
\everyMPshowfont=\toks21
\MPscratchCnt=\count130
\MPscratchDim=\dimen136
\MPnumerator=\count131
\makeMPintoPDFobject=\count132
\everyMPtoPDFconversion=\toks22
) ABD: EveryShipout initializing macros (/usr/local/texlive/2015/texmf-dist/tex/latex/oberdiek/epstopdf-base.sty
Package: epstopdf-base 2010/02/09 v2.5 Base part for package epstopdf
 (/usr/local/texlive/2015/texmf-dist/tex/latex/oberdiek/grfext.sty
Package: grfext 2010/08/19 v1.1 Manage graphics extensions (HO)
)
Package grfext Info: Graphics extension search list:
(grfext)             [.png,.pdf,.jpg,.mps,.jpeg,.jbig2,.jb2,.PNG,.PDF,.JPG,.JPEG,.JBIG2,.JB2,.eps]
(grfext)             \AppendGraphicsExtensions on input line 452.
 (/usr/local/texlive/2015/texmf-dist/tex/latex/latexconfig/epstopdf-sys.cfg
File: epstopdf-sys.cfg 2010/07/13 v1.3 Configuration of (r)epstopdf for TeX Live
))
LaTeX Font Info:    Font shape `OT1/ptm/bx/n' in size <14.4> not available
(Font)              Font shape `OT1/ptm/b/n' tried instead on input line 40.
LaTeX Font Info:    Try loading font information for U+lasy on input line 40.
 (/usr/local/texlive/2015/texmf-dist/tex/latex/base/ulasy.fd
File: ulasy.fd 1998/08/17 v2.2e LaTeX symbol font definitions
)
LaTeX Font Info:    Font shape `U/lasy/b/n' in size <8> not available
(Font)              Font shape `U/lasy/m/n' tried instead on input line 40.
LaTeX Font Info:    Font shape `U/lasy/b/n' in size <6> not available
(Font)              Font shape `U/lasy/m/n' tried instead on input line 40.
LaTeX Font Info:    Font shape `OT1/ptm/bx/n' in size <12> not available
(Font)              Font shape `OT1/ptm/b/n' tried instead on input line 40.
 (./Abstract.tex
Underfull \hbox (badness 1783) in paragraph at lines 2--15
\OT1/ptm/m/n/10.95 ever, de-sign-ing and con-struct-ing these
 []

) (./Introduction.tex
LaTeX Font Info:    Font shape `OT1/ptm/bx/n' in size <10.95> not available
(Font)              Font shape `OT1/ptm/b/n' tried instead on input line 2.
LaTeX Font Info:    Try loading font information for OT1+pcr on input line 17.
 (/usr/local/texlive/2015/texmf-dist/tex/latex/psnfss/ot1pcr.fd
File: ot1pcr.fd 2001/06/04 font definitions for OT1/pcr.
)
Underfull \hbox (badness 1210) in paragraph at lines 13--24
\OT1/ptm/m/n/10.95 of such ta-bles usu-ally im-plies the oc-cur-rence
 []


Underfull \hbox (badness 5417) in paragraph at lines 13--24
\OT1/ptm/m/n/10.95 dis-tant su-per-vi-sion (\OT1/pcr/m/n/10.95 DS\OT1/ptm/m/n/10.95 ) for bi-nary re-la-tion
 []


Underfull \hbox (badness 1400) in paragraph at lines 13--24
\OT1/ptm/m/n/10.95 first, event struc-tures are more com-plex than
 []


Underfull \hbox (badness 10000) in paragraph at lines 13--24
\OMS/cmsy/m/n/10.95 h\OML/cmm/m/it/10.95 event[]type; argument[]; [] ; argument[]\OMS/cmsy/m/n/10.95 i$\OT1/ptm/m/n/10.95 ,
 []


Underfull \hbox (badness 2828) in paragraph at lines 13--24
\OT1/ptm/m/n/10.95 in-for-ma-tion in any ex-ist-ing knowl-edge base.
 []


Underfull \hbox (badness 3861) in paragraph at lines 13--24
\OT1/ptm/m/n/10.95 ``\OT1/ptm/m/it/10.95 mar-riage\OT1/ptm/m/n/10.95 '' events, while ``\OT1/ptm/m/it/10.95 lo-ca-tion of cer-e-
 []

[1{/usr/local/texlive/2015/texmf-var/fonts/map/pdftex/updmap/pdftex.map}



]) (./Dataset.tex
Underfull \hbox (badness 10000) in paragraph at lines 4--5
[]\OT1/ptm/b/n/10.95 S1\OT1/ptm/m/n/10.95 : $[]$ was sold
 []


Underfull \hbox (badness 10000) in paragraph at lines 4--5
\OT1/ptm/m/n/10.95 to $[]$ as the
 []


Underfull \hbox (badness 10000) in paragraph at lines 4--5
[]$
 []

LaTeX Font Info:    Font shape `OT1/ptm/bx/it' in size <10.95> not available
(Font)              Font shape `OT1/ptm/b/it' tried instead on input line 17.
<temp.png, id=48, 722.7pt x 451.6875pt>
File: temp.png Graphic file (type png)
 <use temp.png>
Package pdftex.def Info: temp.png used on input line 26.
(pdftex.def)             Requested size: 204.85844pt x 128.03615pt.


LaTeX Warning: `h' float specifier changed to `ht'.

[2]
LaTeX Font Info:    Font shape `U/lasy/b/n' in size <9> not available
(Font)              Font shape `U/lasy/m/n' tried instead on input line 56.
LaTeX Font Info:    Font shape `U/lasy/b/n' in size <5> not available
(Font)              Font shape `U/lasy/m/n' tried instead on input line 56.

Overfull \hbox (20.51024pt too wide) in paragraph at lines 56--63
 [][] 
 []

<deppath.png, id=70, 903.375pt x 242.9075pt>
File: deppath.png Graphic file (type png)
 <use deppath.png>
Package pdftex.def Info: deppath.png used on input line 84.
(pdftex.def)             Requested size: 213.96527pt x 57.53174pt.
) (./Model.tex
Underfull \vbox (badness 10000) has occurred while \output is active []

 [3 <./temp.png> <./deppath.png>]
Underfull \hbox (badness 1082) in paragraph at lines 11--12
[]\OT1/ptm/b/n/10.95 Argument de-tec-tion \OT1/ptm/m/n/10.95 aims to iden-tify other
 []


Underfull \hbox (badness 6220) in paragraph at lines 24--25
 []\OT1/ptm/b/n/10.95 LSTM \OT1/ptm/m/n/10.95 Long Short-Term Mem-ory Net-work
 []

[4]
Underfull \hbox (badness 1354) in paragraph at lines 74--81
\OT1/ptm/m/n/10.95 mul-ti-ple op-ti-mal se-quences. Specif-i-cally, af-
 []

) (./Experiments.tex
LaTeX Font Info:    Try loading font information for OMS+ptm on input line 23.
 (/usr/local/texlive/2015/texmf-dist/tex/latex/psnfss/omsptm.fd
File: omsptm.fd 
)
LaTeX Font Info:    Font shape `OMS/ptm/m/n' in size <10.95> not available
(Font)              Font shape `OMS/cmsy/m/n' tried instead on input line 23.
 [5]
Underfull \hbox (badness 1348) in paragraph at lines 31--32
\OT1/ptm/m/n/10.95 To in-ves-ti-gate the pos-si-bil-ity of au-to-mat-i-cally
 []


Underfull \hbox (badness 1122) in paragraph at lines 31--32
\OT1/ptm/m/n/10.95 we eval-u-ate five datasets that uti-lize dif-fer-ent
 []


Underfull \hbox (badness 1810) in paragraph at lines 31--32
\OT1/ptm/m/n/10.95 hy-pothe-ses to col-lect pos-i-tive sen-tences from
 []


Overfull \hbox (11.08884pt too wide) in paragraph at lines 36--43
 [][] 
 []


Underfull \hbox (badness 1253) in paragraph at lines 52--56
\OT1/ptm/m/n/10.95 We com-pare our pro-posed mod-els with three
 []


Underfull \vbox (badness 1661) has occurred while \output is active []

LaTeX Font Info:    Font shape `OT1/ptm/bx/n' in size <9> not available
(Font)              Font shape `OT1/ptm/b/n' tried instead on input line 73.
 [6]
Underfull \vbox (badness 5681) has occurred while \output is active []

 <example.png, id=169, 697.60625pt x 350.30875pt>
File: example.png Graphic file (type png)
 <use example.png>
Package pdftex.def Info: example.png used on input line 116.
(pdftex.def)             Requested size: 218.51521pt x 109.72778pt.

Underfull \hbox (badness 2856) in paragraph at lines 117--117
[]\OT1/ptm/m/n/10.95 Figure 3: []Example out-puts of LSTM-CRF-
 []


LaTeX Warning: `h' float specifier changed to `ht'.

[7]) (./Related.tex
Underfull \hbox (badness 3364) in paragraph at lines 3--12
\OT1/ptm/m/n/10.95 Most event ex-trac-tion works are within the
 []


Underfull \hbox (badness 1281) in paragraph at lines 3--12
\OT1/ptm/m/n/10.95 (e.g., MUC ([][]Gr-ish-man and Sund-heim[][], [][]1996[][]),
 []

) (./Conclusion.tex) [8 <./example.png>] (/Users/christina/Downloads/emnlp17-latex/.texpadtmp/emnlp2017.bbl
Underfull \hbox (badness 1655) in paragraph at lines 31--35
\OT1/ptm/m/n/10 Karlen, Ko-ray Kavukcuoglu, and Pavel Kuksa.
 []


Underfull \hbox (badness 3758) in paragraph at lines 61--64
[]\OT1/ptm/m/n/10 Sepp Hochre-iter and J[]urgen Schmid-hu-ber. 1997.
 []


Underfull \hbox (badness 1226) in paragraph at lines 61--64
\OT1/ptm/m/n/10 Long short-term mem-ory.  \OT1/ptm/m/it/10 Neu-ral com-pu-ta-tion
 []


Underfull \hbox (badness 2418) in paragraph at lines 90--94
[]\OT1/ptm/m/n/10 John Laf-ferty, An-drew Mc-Cal-lum, and Fer-nando
 []

LaTeX Font Info:    Font shape `U/lasy/b/n' in size <7> not available
(Font)              Font shape `U/lasy/m/n' tried instead on input line 157.
[9])
Package atveryend Info: Empty hook `BeforeClearDocument' on input line 56.
 [10

]
Package atveryend Info: Empty hook `AfterLastShipout' on input line 56.
 (/Users/christina/Downloads/emnlp17-latex/.texpadtmp/emnlp2017.aux)
Package atveryend Info: Executing hook `AtVeryEndDocument' on input line 56.
Package atveryend Info: Executing hook `AtEndAfterFileList' on input line 56.
Package rerunfilecheck Info: File `emnlp2017.out' has not changed.
(rerunfilecheck)             Checksum: D41D8CD98F00B204E9800998ECF8427E;0.
Package atveryend Info: Empty hook `AtVeryVeryEnd' on input line 56.
 )
(\end occurred when \iffalse on line 337 was incomplete) 
Here is how much of TeX's memory you used:
 7581 strings out of 493089
 108540 string characters out of 6134842
 226620 words of memory out of 5000000
 10819 multiletter control sequences out of 15000+600000
 44886 words of font info for 110 fonts, out of 8000000 for 9000
 1141 hyphenation exceptions out of 8191
 43i,10n,37p,942b,490s stack positions out of 5000i,500n,10000p,200000b,80000s
{/usr/local/texlive/2015/texmf-dist/fonts/enc/dvips/base/8r.enc}</usr/local/texlive/2015/texmf-dist/fonts/type1/public/amsfonts/cm/cmex10.pfb></usr/local/texlive/2015/texmf-dist/fonts/type1/public/amsfonts/cm/cmmi10.pfb></usr/local/texlive/2015/texmf-dist/fonts/type1/public/amsfonts/cm/cmmi6.pfb></usr/local/texlive/2015/texmf-dist/fonts/type1/public/amsfonts/cm/cmmi8.pfb></usr/local/texlive/2015/texmf-dist/fonts/type1/public/amsfonts/cm/cmmib10.pfb></usr/local/texlive/2015/texmf-dist/fonts/type1/public/amsfonts/cm/cmr10.pfb></usr/local/texlive/2015/texmf-dist/fonts/type1/public/amsfonts/cm/cmr6.pfb></usr/local/texlive/2015/texmf-dist/fonts/type1/public/amsfonts/cm/cmr8.pfb></usr/local/texlive/2015/texmf-dist/fonts/type1/public/amsfonts/cm/cmsy10.pfb></usr/local/texlive/2015/texmf-dist/fonts/type1/public/amsfonts/cm/cmsy6.pfb></usr/local/texlive/2015/texmf-dist/fonts/type1/public/amsfonts/cm/cmsy8.pfb></usr/local/texlive/2015/texmf-dist/fonts/type1/public/amsfonts/cm/cmsy9.pfb></usr/local/texlive/2015/texmf-dist/fonts/type1/urw/courier/ucrr8a.pfb></usr/local/texlive/2015/texmf-dist/fonts/type1/urw/helvetic/uhvb8a.pfb></usr/local/texlive/2015/texmf-dist/fonts/type1/urw/times/utmb8a.pfb></usr/local/texlive/2015/texmf-dist/fonts/type1/urw/times/utmbi8a.pfb></usr/local/texlive/2015/texmf-dist/fonts/type1/urw/times/utmr8a.pfb></usr/local/texlive/2015/texmf-dist/fonts/type1/urw/times/utmri8a.pfb>
Output written on /Users/christina/Downloads/emnlp17-latex/.texpadtmp/emnlp2017.pdf (10 pages, 550674 bytes).
PDF statistics:
 310 PDF objects out of 1000 (max. 8388607)
 271 compressed objects within 3 object streams
 82 named destinations out of 1000 (max. 500000)
 16 words of extra memory for PDF output out of 10000 (max. 10000000)

